<?xml version="1.0" encoding="UTF-8"?>
<testng-results ignored="0" total="1" passed="1" failed="0" skipped="0">
  <reporter-output>
  </reporter-output>
  <suite started-at="2022-07-14T06:48:08Z" name="Suite" finished-at="2022-07-14T06:53:55Z" duration-ms="346716">
    <groups>
    </groups>
    <test started-at="2022-07-14T06:48:08Z" name="Test1" finished-at="2022-07-14T06:53:55Z" duration-ms="346716">
      <class name="cloud.tests.AP.AP_USA.CreatePaymentsITC_Test">
        <test-method is-config="true" signature="start()[pri:0, instance:cloud.tests.AP.AP_USA.CreatePaymentsITC_Test@11c9af63]" started-at="2022-07-14T06:48:08Z" name="start" finished-at="2022-07-14T06:48:14Z" duration-ms="6554" status="PASS">
          <reporter-output>
          </reporter-output>
        </test-method> <!-- start -->
        <test-method signature="executeTest(java.lang.String, java.lang.String, java.lang.String)[pri:0, instance:cloud.tests.AP.AP_USA.CreatePaymentsITC_Test@11c9af63]" started-at="2022-07-14T06:48:14Z" name="executeTest" finished-at="2022-07-14T06:53:55Z" duration-ms="340133" status="PASS">
          <params>
            <param index="0">
              <value>
                <![CDATA[src\cloud\tests\AP\AP_USA\CreatePaymentsITC_Test.xlsx]]>
              </value>
            </param>
            <param index="1">
              <value>
                <![CDATA[TS01]]>
              </value>
            </param>
            <param index="2">
              <value>
                <![CDATA[T01]]>
              </value>
            </param>
          </params>
          <reporter-output>
          </reporter-output>
        </test-method> <!-- executeTest -->
        <test-method is-config="true" signature="end()[pri:0, instance:cloud.tests.AP.AP_USA.CreatePaymentsITC_Test@11c9af63]" started-at="2022-07-14T06:53:55Z" name="end" finished-at="2022-07-14T06:53:55Z" duration-ms="0" status="PASS">
          <reporter-output>
          </reporter-output>
        </test-method> <!-- end -->
      </class> <!-- cloud.tests.AP.AP_USA.CreatePaymentsITC_Test -->
    </test> <!-- Test1 -->
  </suite> <!-- Suite -->
</testng-results>
